INFO  12:03:13 Application started. Press Ctrl+C to shut down.
INFO  12:03:13 Application started. Press Ctrl+C to shut down.
INFO  12:03:13 Hosting environment: Development
INFO  12:03:13 Hosting environment: Development
INFO  12:03:13 Content root path: C:\Users\mansi\source\repos\SimulationProject5\CarApi
INFO  12:03:13 Content root path: C:\Users\mansi\source\repos\SimulationProject5\CarApi
WARN  12:03:14 Failed to determine the https port for redirect.
WARN  12:03:14 Failed to determine the https port for redirect.
INFO  12:03:15 Get Api Initiated
INFO  12:08:52 Application started. Press Ctrl+C to shut down.
INFO  12:08:52 Application started. Press Ctrl+C to shut down.
INFO  12:08:52 Hosting environment: Development
INFO  12:08:52 Hosting environment: Development
INFO  12:08:52 Content root path: C:\Users\mansi\source\repos\SimulationProject5\CarApi
INFO  12:08:52 Content root path: C:\Users\mansi\source\repos\SimulationProject5\CarApi
INFO  12:11:16 Application started. Press Ctrl+C to shut down.
INFO  12:11:16 Application started. Press Ctrl+C to shut down.
INFO  12:11:16 Hosting environment: Development
INFO  12:11:16 Hosting environment: Development
INFO  12:11:16 Content root path: C:\Users\mansi\source\repos\SimulationProject5\CarApi
INFO  12:11:16 Content root path: C:\Users\mansi\source\repos\SimulationProject5\CarApi
INFO  12:12:04 Application started. Press Ctrl+C to shut down.
INFO  12:12:04 Application started. Press Ctrl+C to shut down.
INFO  12:12:04 Hosting environment: Development
INFO  12:12:04 Hosting environment: Development
INFO  12:12:04 Content root path: C:\Users\mansi\source\repos\SimulationProject5\CarApi
INFO  12:12:04 Content root path: C:\Users\mansi\source\repos\SimulationProject5\CarApi
INFO  12:13:07 Application started. Press Ctrl+C to shut down.
INFO  12:13:07 Application started. Press Ctrl+C to shut down.
INFO  12:13:07 Hosting environment: Development
INFO  12:13:07 Hosting environment: Development
INFO  12:13:07 Content root path: C:\Users\mansi\source\repos\SimulationProject5\CarApi
INFO  12:13:07 Content root path: C:\Users\mansi\source\repos\SimulationProject5\CarApi
INFO  12:13:42 Application started. Press Ctrl+C to shut down.
INFO  12:13:42 Application started. Press Ctrl+C to shut down.
INFO  12:13:42 Hosting environment: Development
INFO  12:13:42 Hosting environment: Development
INFO  12:13:42 Content root path: C:\Users\mansi\source\repos\SimulationProject5\CarApi
INFO  12:13:42 Content root path: C:\Users\mansi\source\repos\SimulationProject5\CarApi
INFO  12:15:35 Application started. Press Ctrl+C to shut down.
INFO  12:15:35 Application started. Press Ctrl+C to shut down.
INFO  12:15:35 Hosting environment: Development
INFO  12:15:35 Hosting environment: Development
INFO  12:15:35 Content root path: C:\Users\mansi\source\repos\SimulationProject5\CarApi
INFO  12:15:35 Content root path: C:\Users\mansi\source\repos\SimulationProject5\CarApi
INFO  12:18:17 Application started. Press Ctrl+C to shut down.
INFO  12:18:17 Application started. Press Ctrl+C to shut down.
INFO  12:18:17 Hosting environment: Development
INFO  12:18:17 Hosting environment: Development
INFO  12:18:17 Content root path: C:\Users\mansi\source\repos\SimulationProject5\CarApi
INFO  12:18:17 Content root path: C:\Users\mansi\source\repos\SimulationProject5\CarApi
INFO  12:20:29 Application started. Press Ctrl+C to shut down.
INFO  12:20:29 Application started. Press Ctrl+C to shut down.
INFO  12:20:29 Hosting environment: Development
INFO  12:20:29 Hosting environment: Development
INFO  12:20:29 Content root path: C:\Users\mansi\source\repos\SimulationProject5\CarApi
INFO  12:20:29 Content root path: C:\Users\mansi\source\repos\SimulationProject5\CarApi
INFO  12:21:05 Application started. Press Ctrl+C to shut down.
INFO  12:21:05 Application started. Press Ctrl+C to shut down.
INFO  12:21:05 Hosting environment: Development
INFO  12:21:05 Hosting environment: Development
INFO  12:21:05 Content root path: C:\Users\mansi\source\repos\SimulationProject5\CarApi
INFO  12:21:05 Content root path: C:\Users\mansi\source\repos\SimulationProject5\CarApi
INFO  12:22:43 Application started. Press Ctrl+C to shut down.
INFO  12:22:43 Application started. Press Ctrl+C to shut down.
INFO  12:22:43 Hosting environment: Development
INFO  12:22:43 Hosting environment: Development
INFO  12:22:43 Content root path: C:\Users\mansi\source\repos\SimulationProject5\CarApi
INFO  12:22:43 Content root path: C:\Users\mansi\source\repos\SimulationProject5\CarApi
WARN  12:22:44 Failed to determine the https port for redirect.
WARN  12:22:44 Failed to determine the https port for redirect.
INFO  12:22:45 Get Api Initiated
INFO  12:23:58 Application started. Press Ctrl+C to shut down.
INFO  12:23:58 Application started. Press Ctrl+C to shut down.
INFO  12:23:58 Hosting environment: Development
INFO  12:23:58 Hosting environment: Development
INFO  12:23:58 Content root path: C:\Users\mansi\source\repos\SimulationProject5\CarApi
INFO  12:23:58 Content root path: C:\Users\mansi\source\repos\SimulationProject5\CarApi
WARN  12:23:59 Failed to determine the https port for redirect.
WARN  12:23:59 Failed to determine the https port for redirect.
INFO  12:23:59 Get Api Initiated
INFO  01:29:05 Application started. Press Ctrl+C to shut down.
INFO  01:29:05 Application started. Press Ctrl+C to shut down.
INFO  01:29:05 Hosting environment: Development
INFO  01:29:05 Hosting environment: Development
INFO  01:29:05 Content root path: C:\Users\mansi\source\repos\SimulationProject5\CarApi
INFO  01:29:05 Content root path: C:\Users\mansi\source\repos\SimulationProject5\CarApi
WARN  01:29:06 Failed to determine the https port for redirect.
WARN  01:29:06 Failed to determine the https port for redirect.
INFO  01:29:07 Get Api Initiated
INFO  01:43:01 Application started. Press Ctrl+C to shut down.
INFO  01:43:01 Application started. Press Ctrl+C to shut down.
INFO  01:43:01 Hosting environment: Development
INFO  01:43:01 Hosting environment: Development
INFO  01:43:01 Content root path: C:\Users\mansi\source\repos\SimulationProject5\CarApi
INFO  01:43:01 Content root path: C:\Users\mansi\source\repos\SimulationProject5\CarApi
WARN  01:43:02 Failed to determine the https port for redirect.
WARN  01:43:02 Failed to determine the https port for redirect.
INFO  01:43:03 Get Api Initiated
INFO  01:48:26 Application started. Press Ctrl+C to shut down.
INFO  01:48:26 Application started. Press Ctrl+C to shut down.
INFO  01:48:26 Hosting environment: Development
INFO  01:48:26 Hosting environment: Development
INFO  01:48:26 Content root path: C:\Users\mansi\source\repos\SimulationProject5\CarApi
INFO  01:48:26 Content root path: C:\Users\mansi\source\repos\SimulationProject5\CarApi
INFO  01:51:49 Application started. Press Ctrl+C to shut down.
INFO  01:51:49 Application started. Press Ctrl+C to shut down.
INFO  01:51:49 Hosting environment: Development
INFO  01:51:49 Hosting environment: Development
INFO  01:51:49 Content root path: C:\Users\mansi\source\repos\SimulationProject5\CarApi
INFO  01:51:49 Content root path: C:\Users\mansi\source\repos\SimulationProject5\CarApi
WARN  01:52:03 Failed to determine the https port for redirect.
WARN  01:52:03 Failed to determine the https port for redirect.
INFO  01:52:04 Get Api Initiated
INFO  02:37:40 Application started. Press Ctrl+C to shut down.
INFO  02:37:40 Application started. Press Ctrl+C to shut down.
INFO  02:37:40 Hosting environment: Development
INFO  02:37:40 Hosting environment: Development
INFO  02:37:40 Content root path: C:\Users\mansi\source\repos\SimulationProject5\CarApi
INFO  02:37:40 Content root path: C:\Users\mansi\source\repos\SimulationProject5\CarApi
WARN  02:37:56 Failed to determine the https port for redirect.
WARN  02:37:56 Failed to determine the https port for redirect.
INFO  02:37:56 Get Api Initiated
INFO  05:24:25 Application started. Press Ctrl+C to shut down.
INFO  05:24:25 Application started. Press Ctrl+C to shut down.
INFO  05:24:25 Hosting environment: Development
INFO  05:24:25 Hosting environment: Development
INFO  05:24:25 Content root path: C:\Users\mansi\source\repos\SimulationProject5\CarApi
INFO  05:24:25 Content root path: C:\Users\mansi\source\repos\SimulationProject5\CarApi
WARN  05:25:13 Failed to determine the https port for redirect.
WARN  05:25:13 Failed to determine the https port for redirect.
INFO  05:25:14 Get Api Initiated
INFO  05:41:17 Application started. Press Ctrl+C to shut down.
INFO  05:41:17 Application started. Press Ctrl+C to shut down.
INFO  05:41:17 Hosting environment: Development
INFO  05:41:17 Hosting environment: Development
INFO  05:41:17 Content root path: C:\Users\mansi\source\repos\SimulationProject5\CarApi
INFO  05:41:17 Content root path: C:\Users\mansi\source\repos\SimulationProject5\CarApi
INFO  08:31:07 Application started. Press Ctrl+C to shut down.
INFO  08:31:07 Application started. Press Ctrl+C to shut down.
INFO  08:31:07 Hosting environment: Development
INFO  08:31:07 Hosting environment: Development
INFO  08:31:07 Content root path: C:\Users\mansi\source\repos\SimulationProject5\CarApi
INFO  08:31:07 Content root path: C:\Users\mansi\source\repos\SimulationProject5\CarApi
WARN  08:31:25 Failed to determine the https port for redirect.
WARN  08:31:25 Failed to determine the https port for redirect.
INFO  08:31:25 Get Api Initiated
INFO  08:31:38 Get Api Initiated
INFO  03:29:16 Application started. Press Ctrl+C to shut down.
INFO  03:29:16 Application started. Press Ctrl+C to shut down.
INFO  03:29:16 Hosting environment: Development
INFO  03:29:16 Hosting environment: Development
INFO  03:29:16 Content root path: C:\Users\mansi\source\repos\SimulationProject5\CarApi
INFO  03:29:16 Content root path: C:\Users\mansi\source\repos\SimulationProject5\CarApi
INFO  03:43:27 Application started. Press Ctrl+C to shut down.
INFO  03:43:27 Application started. Press Ctrl+C to shut down.
INFO  03:43:27 Hosting environment: Development
INFO  03:43:27 Hosting environment: Development
INFO  03:43:27 Content root path: C:\Users\mansi\source\repos\SimulationProject5\CarApi
INFO  03:43:27 Content root path: C:\Users\mansi\source\repos\SimulationProject5\CarApi
INFO  03:54:27 Application started. Press Ctrl+C to shut down.
INFO  03:54:27 Application started. Press Ctrl+C to shut down.
INFO  03:54:27 Hosting environment: Development
INFO  03:54:27 Hosting environment: Development
INFO  03:54:27 Content root path: C:\Users\mansi\source\repos\SimulationProject5\CarApi
INFO  03:54:27 Content root path: C:\Users\mansi\source\repos\SimulationProject5\CarApi
INFO  03:56:29 Application started. Press Ctrl+C to shut down.
INFO  03:56:29 Application started. Press Ctrl+C to shut down.
INFO  03:56:29 Hosting environment: Development
INFO  03:56:29 Hosting environment: Development
INFO  03:56:29 Content root path: C:\Users\mansi\source\repos\SimulationProject5\CarApi
INFO  03:56:29 Content root path: C:\Users\mansi\source\repos\SimulationProject5\CarApi
WARN  03:56:49 Failed to determine the https port for redirect.
WARN  03:56:49 Failed to determine the https port for redirect.
INFO  03:56:49 Get Api Initiated
INFO  03:59:44 Application started. Press Ctrl+C to shut down.
INFO  03:59:44 Application started. Press Ctrl+C to shut down.
INFO  03:59:44 Hosting environment: Development
INFO  03:59:44 Hosting environment: Development
INFO  03:59:44 Content root path: C:\Users\mansi\source\repos\SimulationProject5\CarApi
INFO  03:59:44 Content root path: C:\Users\mansi\source\repos\SimulationProject5\CarApi
WARN  04:00:15 Failed to determine the https port for redirect.
WARN  04:00:15 Failed to determine the https port for redirect.
INFO  04:00:15 Get Api Initiated
INFO  04:35:07 Application started. Press Ctrl+C to shut down.
INFO  04:35:07 Application started. Press Ctrl+C to shut down.
INFO  04:35:07 Hosting environment: Development
INFO  04:35:07 Hosting environment: Development
INFO  04:35:07 Content root path: C:\Users\mansi\source\repos\SimulationProject5\CarApi
INFO  04:35:07 Content root path: C:\Users\mansi\source\repos\SimulationProject5\CarApi
WARN  04:36:06 Failed to determine the https port for redirect.
WARN  04:36:06 Failed to determine the https port for redirect.
INFO  04:36:06 Get Api Initiated
