INFO  12:35:50 Application started. Press Ctrl+C to shut down.
INFO  12:35:50 Application started. Press Ctrl+C to shut down.
INFO  12:35:50 Hosting environment: Development
INFO  12:35:50 Hosting environment: Development
INFO  12:35:50 Content root path: C:\Users\mansi\source\repos\SimulationProject5\CarRental
INFO  12:35:50 Content root path: C:\Users\mansi\source\repos\SimulationProject5\CarRental
WARN  12:36:38 Failed to determine the https port for redirect.
WARN  12:36:38 Failed to determine the https port for redirect.
INFO  12:36:55 Get Api Initiated
INFO  01:20:25 Application started. Press Ctrl+C to shut down.
INFO  01:20:25 Application started. Press Ctrl+C to shut down.
INFO  01:20:25 Hosting environment: Development
INFO  01:20:25 Hosting environment: Development
INFO  01:20:25 Content root path: C:\Users\mansi\source\repos\SimulationProject5\CarRental
INFO  01:20:25 Content root path: C:\Users\mansi\source\repos\SimulationProject5\CarRental
INFO  01:21:17 Application started. Press Ctrl+C to shut down.
INFO  01:21:17 Application started. Press Ctrl+C to shut down.
INFO  01:21:17 Hosting environment: Development
INFO  01:21:17 Hosting environment: Development
INFO  01:21:17 Content root path: C:\Users\mansi\source\repos\SimulationProject5\CarRental
INFO  01:21:17 Content root path: C:\Users\mansi\source\repos\SimulationProject5\CarRental
INFO  01:24:16 Application started. Press Ctrl+C to shut down.
INFO  01:24:16 Application started. Press Ctrl+C to shut down.
INFO  01:24:16 Hosting environment: Development
INFO  01:24:16 Hosting environment: Development
INFO  01:24:16 Content root path: C:\Users\mansi\source\repos\SimulationProject5\CarRental
INFO  01:24:16 Content root path: C:\Users\mansi\source\repos\SimulationProject5\CarRental
INFO  01:25:22 Application started. Press Ctrl+C to shut down.
INFO  01:25:22 Application started. Press Ctrl+C to shut down.
INFO  01:25:22 Hosting environment: Development
INFO  01:25:22 Hosting environment: Development
INFO  01:25:22 Content root path: C:\Users\mansi\source\repos\SimulationProject5\CarRental
INFO  01:25:22 Content root path: C:\Users\mansi\source\repos\SimulationProject5\CarRental
INFO  01:26:41 Application started. Press Ctrl+C to shut down.
INFO  01:26:41 Application started. Press Ctrl+C to shut down.
INFO  01:26:41 Hosting environment: Development
INFO  01:26:41 Hosting environment: Development
INFO  01:26:41 Content root path: C:\Users\mansi\source\repos\SimulationProject5\CarRental
INFO  01:26:41 Content root path: C:\Users\mansi\source\repos\SimulationProject5\CarRental
INFO  01:32:32 Application started. Press Ctrl+C to shut down.
INFO  01:32:32 Application started. Press Ctrl+C to shut down.
INFO  01:32:32 Hosting environment: Development
INFO  01:32:32 Hosting environment: Development
INFO  01:32:32 Content root path: C:\Users\mansi\source\repos\SimulationProject5\CarRental
INFO  01:32:32 Content root path: C:\Users\mansi\source\repos\SimulationProject5\CarRental
INFO  01:39:12 Application started. Press Ctrl+C to shut down.
INFO  01:39:12 Application started. Press Ctrl+C to shut down.
INFO  01:39:12 Hosting environment: Development
INFO  01:39:12 Hosting environment: Development
INFO  01:39:12 Content root path: C:\Users\mansi\source\repos\SimulationProject5\CarRental
INFO  01:39:12 Content root path: C:\Users\mansi\source\repos\SimulationProject5\CarRental
INFO  01:41:48 Application started. Press Ctrl+C to shut down.
INFO  01:41:48 Application started. Press Ctrl+C to shut down.
INFO  01:41:48 Hosting environment: Development
INFO  01:41:48 Hosting environment: Development
INFO  01:41:48 Content root path: C:\Users\mansi\source\repos\SimulationProject5\CarRental
INFO  01:41:48 Content root path: C:\Users\mansi\source\repos\SimulationProject5\CarRental
INFO  01:58:23 Application started. Press Ctrl+C to shut down.
INFO  01:58:23 Application started. Press Ctrl+C to shut down.
INFO  01:58:23 Hosting environment: Development
INFO  01:58:23 Hosting environment: Development
INFO  01:58:23 Content root path: C:\Users\mansi\source\repos\SimulationProject5\CarRental
INFO  01:58:23 Content root path: C:\Users\mansi\source\repos\SimulationProject5\CarRental
INFO  02:32:25 Application started. Press Ctrl+C to shut down.
INFO  02:32:25 Application started. Press Ctrl+C to shut down.
INFO  02:32:25 Hosting environment: Development
INFO  02:32:25 Hosting environment: Development
INFO  02:32:25 Content root path: C:\Users\mansi\source\repos\SimulationProject5\CarRental
INFO  02:32:25 Content root path: C:\Users\mansi\source\repos\SimulationProject5\CarRental
INFO  03:19:00 Application started. Press Ctrl+C to shut down.
INFO  03:19:00 Application started. Press Ctrl+C to shut down.
INFO  03:19:00 Hosting environment: Development
INFO  03:19:00 Hosting environment: Development
INFO  03:19:00 Content root path: C:\Users\mansi\source\repos\SimulationProject5\CarRental
INFO  03:19:00 Content root path: C:\Users\mansi\source\repos\SimulationProject5\CarRental
WARN  03:19:39 Failed to determine the https port for redirect.
WARN  03:19:39 Failed to determine the https port for redirect.
INFO  03:19:52 Get Api Initiated
INFO  05:05:08 Application started. Press Ctrl+C to shut down.
INFO  05:05:08 Application started. Press Ctrl+C to shut down.
INFO  05:05:08 Hosting environment: Development
INFO  05:05:08 Hosting environment: Development
INFO  05:05:08 Content root path: C:\Users\mansi\source\repos\SimulationProject5\CarRental
INFO  05:05:08 Content root path: C:\Users\mansi\source\repos\SimulationProject5\CarRental
INFO  05:07:39 Application started. Press Ctrl+C to shut down.
INFO  05:07:39 Application started. Press Ctrl+C to shut down.
INFO  05:07:39 Hosting environment: Development
INFO  05:07:39 Hosting environment: Development
INFO  05:07:39 Content root path: C:\Users\mansi\source\repos\SimulationProject5\CarRental
INFO  05:07:39 Content root path: C:\Users\mansi\source\repos\SimulationProject5\CarRental
INFO  05:14:51 Application started. Press Ctrl+C to shut down.
INFO  05:14:51 Application started. Press Ctrl+C to shut down.
INFO  05:14:51 Hosting environment: Development
INFO  05:14:51 Hosting environment: Development
INFO  05:14:51 Content root path: C:\Users\mansi\source\repos\SimulationProject5\CarRental
INFO  05:14:51 Content root path: C:\Users\mansi\source\repos\SimulationProject5\CarRental
INFO  05:18:37 Application started. Press Ctrl+C to shut down.
INFO  05:18:37 Application started. Press Ctrl+C to shut down.
INFO  05:18:37 Hosting environment: Development
INFO  05:18:37 Hosting environment: Development
INFO  05:18:37 Content root path: C:\Users\mansi\source\repos\SimulationProject5\CarRental
INFO  05:18:37 Content root path: C:\Users\mansi\source\repos\SimulationProject5\CarRental
INFO  05:20:49 Application started. Press Ctrl+C to shut down.
INFO  05:20:49 Application started. Press Ctrl+C to shut down.
INFO  05:20:49 Hosting environment: Development
INFO  05:20:49 Hosting environment: Development
INFO  05:20:49 Content root path: C:\Users\mansi\source\repos\SimulationProject5\CarRental
INFO  05:20:49 Content root path: C:\Users\mansi\source\repos\SimulationProject5\CarRental
WARN  05:21:06 Failed to determine the https port for redirect.
WARN  05:21:06 Failed to determine the https port for redirect.
INFO  05:21:07 Get Api Initiated
INFO  05:24:25 Application started. Press Ctrl+C to shut down.
INFO  05:24:25 Application started. Press Ctrl+C to shut down.
INFO  05:24:25 Hosting environment: Development
INFO  05:24:25 Hosting environment: Development
INFO  05:24:25 Content root path: C:\Users\mansi\source\repos\SimulationProject5\CarRental
INFO  05:24:25 Content root path: C:\Users\mansi\source\repos\SimulationProject5\CarRental
INFO  05:41:17 Application started. Press Ctrl+C to shut down.
INFO  05:41:17 Application started. Press Ctrl+C to shut down.
INFO  05:41:17 Hosting environment: Development
INFO  05:41:17 Hosting environment: Development
INFO  05:41:17 Content root path: C:\Users\mansi\source\repos\SimulationProject5\CarRental
INFO  05:41:17 Content root path: C:\Users\mansi\source\repos\SimulationProject5\CarRental
WARN  05:41:30 Failed to determine the https port for redirect.
WARN  05:41:30 Failed to determine the https port for redirect.
INFO  05:41:31 Get Api Initiated
INFO  05:44:42 Application started. Press Ctrl+C to shut down.
INFO  05:44:42 Application started. Press Ctrl+C to shut down.
INFO  05:44:42 Hosting environment: Development
INFO  05:44:42 Hosting environment: Development
INFO  05:44:42 Content root path: C:\Users\mansi\source\repos\SimulationProject5\CarRental
INFO  05:44:42 Content root path: C:\Users\mansi\source\repos\SimulationProject5\CarRental
WARN  05:45:34 Failed to determine the https port for redirect.
WARN  05:45:34 Failed to determine the https port for redirect.
INFO  05:45:34 Get Api Initiated
